<?xml version="1.0" encoding="UTF-8"?>
<testng-results skipped="0" failed="0" total="0" passed="0">
  <reporter-output>
  </reporter-output>
  <suite name="com.app.DesktopAutomation.AppTest" duration-ms="4" started-at="2020-02-03T10:26:37Z" finished-at="2020-02-03T10:26:37Z">
    <groups>
    </groups>
    <test name="Command line test" duration-ms="4" started-at="2020-02-03T10:26:37Z" finished-at="2020-02-03T10:26:37Z">
    </test> <!-- Command line test -->
  </suite> <!-- com.app.DesktopAutomation.AppTest -->
</testng-results>
